0 info it worked if it ends with ok
1 verbose cli [ '/usr/local/bin/node', '/usr/local/bin/npm', 'publish' ]
2 info using npm@3.10.10
3 info using node@v7.2.1
4 verbose publish [ '.' ]
5 silly cache add args [ '.', null ]
6 verbose cache add spec .
7 silly cache add parsed spec Result {
7 silly cache add   raw: '.',
7 silly cache add   scope: null,
7 silly cache add   escapedName: null,
7 silly cache add   name: null,
7 silly cache add   rawSpec: '.',
7 silly cache add   spec: '/Users/echosteg/Documents/dev/view-more-less',
7 silly cache add   type: 'directory' }
8 verbose addLocalDirectory /Users/echosteg/.npm/view-more-less/1.0.0/package.tgz not in flight; packing
9 verbose correctMkdir /Users/echosteg/.npm correctMkdir not in flight; initializing
10 info lifecycle view-more-less@1.0.0~prepublish: view-more-less@1.0.0
11 silly lifecycle view-more-less@1.0.0~prepublish: no script for prepublish, continuing
12 verbose tar pack [ '/Users/echosteg/.npm/view-more-less/1.0.0/package.tgz',
12 verbose tar pack   '/Users/echosteg/Documents/dev/view-more-less' ]
13 verbose tarball /Users/echosteg/.npm/view-more-less/1.0.0/package.tgz
14 verbose folder /Users/echosteg/Documents/dev/view-more-less
15 verbose addLocalTarball adding from inside cache /Users/echosteg/.npm/view-more-less/1.0.0/package.tgz
16 verbose correctMkdir /Users/echosteg/.npm correctMkdir not in flight; initializing
17 silly cache afterAdd view-more-less@1.0.0
18 verbose afterAdd /Users/echosteg/.npm/view-more-less/1.0.0/package/package.json not in flight; writing
19 verbose correctMkdir /Users/echosteg/.npm correctMkdir not in flight; initializing
20 verbose afterAdd /Users/echosteg/.npm/view-more-less/1.0.0/package/package.json written
21 silly publish { name: 'view-more-less',
21 silly publish   version: '1.0.0',
21 silly publish   description: 'angularJS directive to add view less more functionality to any un-ordered list',
21 silly publish   main: 'dist/view-more-less.js',
21 silly publish   repository:
21 silly publish    { type: 'git',
21 silly publish      url: 'git+https://github.com/cynx/view-more-less.git' },
21 silly publish   scripts:
21 silly publish    { test: 'karma start karma.config.js',
21 silly publish      build: 'mkdir -p dist/ && babel src -d dist --ignore *.spec.js && uglifyjs dist/view-more-less.js -o dist/view-more-less.min.js' },
21 silly publish   keywords: [ 'angularjs', 'directive', 'view', 'less', 'more' ],
21 silly publish   author: { name: 'echosteg.com' },
21 silly publish   license: 'ISC',
21 silly publish   devDependencies:
21 silly publish    { angular: '^1.6.4',
21 silly publish      'angular-mocks': '^1.6.4',
21 silly publish      'babel-cli': '^6.24.0',
21 silly publish      'babel-preset-env': '^1.3.2',
21 silly publish      'jasmine-core': '^2.5.2',
21 silly publish      karma: '^1.5.0',
21 silly publish      'karma-babel-preprocessor': '^6.0.1',
21 silly publish      'karma-chrome-launcher': '^2.0.0',
21 silly publish      'karma-jasmine': '^1.1.0',
21 silly publish      uglifyjs: '^2.4.10' },
21 silly publish   readme: '# view-more-less [![Build Status](https://travis-ci.org/cynx/view-more-less.svg?branch=master)](https://travis-ci.org/cynx/view-more-less)   [![Twitter URL](https://img.shields.io/twitter/url/http/shields.io.svg?style=social&style=flat-square)](https://twitter.com/intent/tweet?text=Check%20out%20angular-view-more-less-directive!%20https://github.com/cynx/view-more-less)\n\nA tiny AngularJS Directive to add view more less functionality to any list. No jQuery or external libaries overhead.\n\n\n\n[Working Demo](https://plnkr.co/edit/ww67uU?p=info)\n\n## Installation\n\n\n#### NPM\n\n```\nnpm install view-more-less\n```\n#### Bower\n\n```\nbower install view-more-less\n```\n\n## Examples\n\n`view-more-less` directive element should be added as last item in the `ul` you want to convert into view more / less. For example:\n\n```\n<ul>\n    <li>item1<\\li>\n    <li>item2<\\li>\n    ...\n    <view-more-less limit=\'1\' show-more-text=\'Show More &#x25BC;\' show-less-text=\'Show Less &#x25B2;\' is-static=true></view-more-less>    \n<\\ul>\n```\n\nThe text to be displayed on view more and view less links can be configured by `show-more-text` and `show-less-text` attributes.\n\n#### Static List\n\nFor static list `is-static` attribute should be set to true. `list` attribute is not required.\n```\n<view-more-less limit=\'3\' show-more-text=\'Show More &#x25BC;\' show-less-text=\'Show Less &#x25B2;\' is-static=true></view-more-less>    \n\n```\n\n#### Deferred List\n\nFor Deferred list `is-static` attribute is not required. List array should be passed to `list` attribute.\n```\n<view-more-less limit=\'4\' show-more-text=\'Show More &#x25BC;\' show-less-text=\'Show Less &#x25B2;\' list=\'deferredList\'></view-more-less>    \n\n```\n\n## LICENSE\n\nISC\n\n\n\n\n',
21 silly publish   readmeFilename: 'README.md',
21 silly publish   gitHead: '3dfa4c622c8e48570d07d76a7df3d65868a078df',
21 silly publish   bugs: { url: 'https://github.com/cynx/view-more-less/issues' },
21 silly publish   homepage: 'https://github.com/cynx/view-more-less#readme',
21 silly publish   _id: 'view-more-less@1.0.0',
21 silly publish   _shasum: '465845f7abebf4972ef18439844a6fbff26a2aaa',
21 silly publish   _from: '.' }
22 verbose getPublishConfig undefined
23 silly mapToRegistry name view-more-less
24 silly mapToRegistry using default registry
25 silly mapToRegistry registry https://registry.npmjs.org/
26 silly mapToRegistry data Result {
26 silly mapToRegistry   raw: 'view-more-less',
26 silly mapToRegistry   scope: null,
26 silly mapToRegistry   escapedName: 'view-more-less',
26 silly mapToRegistry   name: 'view-more-less',
26 silly mapToRegistry   rawSpec: '',
26 silly mapToRegistry   spec: 'latest',
26 silly mapToRegistry   type: 'tag' }
27 silly mapToRegistry uri https://registry.npmjs.org/view-more-less
28 verbose publish registryBase https://registry.npmjs.org/
29 silly publish uploading /Users/echosteg/.npm/view-more-less/1.0.0/package.tgz
30 verbose request uri https://registry.npmjs.org/view-more-less
31 verbose request sending authorization for write operation
32 info attempt registry request try #1 at 10:48:01 PM
33 verbose request using bearer token for auth
34 verbose request id 8655e1960fcd3306
35 http request PUT https://registry.npmjs.org/view-more-less
36 http 403 https://registry.npmjs.org/view-more-less
37 verbose headers { 'content-type': 'application/json',
37 verbose headers   'cache-control': 'max-age=300',
37 verbose headers   'content-length': '95',
37 verbose headers   'accept-ranges': 'bytes',
37 verbose headers   date: 'Wed, 05 Apr 2017 17:18:03 GMT',
37 verbose headers   via: '1.1 varnish',
37 verbose headers   connection: 'keep-alive',
37 verbose headers   'x-served-by': 'cache-lcy1134-LCY',
37 verbose headers   'x-cache': 'MISS',
37 verbose headers   'x-cache-hits': '0',
37 verbose headers   'x-timer': 'S1491412682.314609,VS0,VE825',
37 verbose headers   vary: 'Accept-Encoding' }
38 verbose request invalidating /Users/echosteg/.npm/registry.npmjs.org/view-more-less on PUT
39 error publish Failed PUT 403
40 verbose stack Error: "You cannot publish over the previously published version 1.0.0." : view-more-less
40 verbose stack     at makeError (/usr/local/lib/node_modules/npm/node_modules/npm-registry-client/lib/request.js:302:12)
40 verbose stack     at CachingRegistryClient.<anonymous> (/usr/local/lib/node_modules/npm/node_modules/npm-registry-client/lib/request.js:290:14)
40 verbose stack     at Request._callback (/usr/local/lib/node_modules/npm/node_modules/npm-registry-client/lib/request.js:210:14)
40 verbose stack     at Request.self.callback (/usr/local/lib/node_modules/npm/node_modules/request/request.js:187:22)
40 verbose stack     at emitTwo (events.js:106:13)
40 verbose stack     at Request.emit (events.js:191:7)
40 verbose stack     at Request.<anonymous> (/usr/local/lib/node_modules/npm/node_modules/request/request.js:1048:10)
40 verbose stack     at emitOne (events.js:96:13)
40 verbose stack     at Request.emit (events.js:188:7)
40 verbose stack     at IncomingMessage.<anonymous> (/usr/local/lib/node_modules/npm/node_modules/request/request.js:969:12)
41 verbose statusCode 403
42 verbose pkgid view-more-less
43 verbose cwd /Users/echosteg/Documents/dev/view-more-less
44 error Darwin 16.5.0
45 error argv "/usr/local/bin/node" "/usr/local/bin/npm" "publish"
46 error node v7.2.1
47 error npm  v3.10.10
48 error code E403
49 error "You cannot publish over the previously published version 1.0.0." : view-more-less
50 error If you need help, you may report this error at:
50 error     <https://github.com/npm/npm/issues>
51 verbose exit [ 1, true ]
